Time taken to calculate the table: 81992448 us
Time taken to calculate the path: 7388 us
Time taken to calculate the table: 78486169 us
Time taken to calculate the path: 7085 us
Time taken to calculate the table: 74180405 us
Time taken to calculate the path: 4325 us
Time taken to calculate the table: 71953782 us
Time taken to calculate the path: 1835 us
Time taken to calculate the table: 69273064 us
Time taken to calculate the path: 6491 us
Time taken to calculate the table: 66001950 us
Time taken to calculate the path: 4834 us
Time taken to calculate the table: 68660201 us
Time taken to calculate the path: 5837 us
Time taken to calculate the table: 64435087 us
Time taken to calculate the path: 1327 us
Time taken to calculate the table: 61065744 us
Time taken to calculate the path: 4562 us
Time taken to calculate the table: 57719011 us
Time taken to calculate the path: 6070 us
Time taken to calculate the table: 63715389 us
Time taken to calculate the path: 5176 us
Time taken to calculate the table: 60635574 us
Time taken to calculate the path: 5900 us
Time taken to calculate the table: 56739092 us
Time taken to calculate the path: 8876 us
Time taken to calculate the table: 53164054 us
Time taken to calculate the path: 4178 us
Time taken to calculate the table: 50045236 us
Time taken to calculate the path: 5186 us
Time taken to calculate the table: 57548453 us
Time taken to calculate the path: 1142 us
Time taken to calculate the table: 52935180 us
Time taken to calculate the path: 1858 us
Time taken to calculate the table: 51914357 us
Time taken to calculate the path: 4467 us
Time taken to calculate the table: 49224944 us
Time taken to calculate the path: 2329 us
Time taken to calculate the table: 45453624 us
Time taken to calculate the path: 4486 us
Time taken to calculate the table: 43329257 us
Time taken to calculate the path: 2857 us
Time taken to calculate the table: 53938246 us
Time taken to calculate the path: 2875 us
Time taken to calculate the table: 51118814 us
Time taken to calculate the path: 4237 us
Time taken to calculate the table: 47901069 us
Time taken to calculate the path: 746 us
Time taken to calculate the table: 45065326 us
Time taken to calculate the path: 2189 us
Time taken to calculate the table: 42410106 us
Time taken to calculate the path: 4127 us
Time taken to calculate the table: 38242024 us
Time taken to calculate the path: 1129 us
Time taken to calculate the table: 36542015 us
Time taken to calculate the path: 2952 us
Time taken to calculate the table: 48860627 us
Time taken to calculate the path: 4617 us
Time taken to calculate the table: 46060664 us
Time taken to calculate the path: 1692 us
Time taken to calculate the table: 43784138 us
Time taken to calculate the path: 2598 us
Time taken to calculate the table: 40737595 us
Time taken to calculate the path: 3225 us
Time taken to calculate the table: 37866189 us
Time taken to calculate the path: 1372 us
Time taken to calculate the table: 35807401 us
Time taken to calculate the path: 2332 us
Time taken to calculate the table: 33081879 us
Time taken to calculate the path: 862 us
Time taken to calculate the table: 30219838 us
Time taken to calculate the path: 2203 us
Time taken to calculate the table: 42520551 us
Time taken to calculate the path: 2923 us
Time taken to calculate the table: 40693357 us
Time taken to calculate the path: 2728 us
Time taken to calculate the table: 39112024 us
Time taken to calculate the path: 3272 us
Time taken to calculate the table: 36709805 us
Time taken to calculate the path: 1464 us
Time taken to calculate the table: 34671335 us
Time taken to calculate the path: 2228 us
Time taken to calculate the table: 32274377 us
Time taken to calculate the path: 947 us
Time taken to calculate the table: 28827132 us
Time taken to calculate the path: 1835 us
Time taken to calculate the table: 27612660 us
Time taken to calculate the path: 2231 us
Time taken to calculate the table: 25179168 us
Time taken to calculate the path: 1678 us
Time taken to calculate the table: 39092370 us
Time taken to calculate the path: 3154 us
Time taken to calculate the table: 37189147 us
Time taken to calculate the path: 2947 us
Time taken to calculate the table: 35266302 us
Time taken to calculate the path: 1230 us
Time taken to calculate the table: 32790827 us
Time taken to calculate the path: 2273 us
Time taken to calculate the table: 30289282 us
Time taken to calculate the path: 2084 us
Time taken to calculate the table: 27321586 us
Time taken to calculate the path: 1385 us
Time taken to calculate the table: 26691396 us
Time taken to calculate the path: 1980 us
Time taken to calculate the table: 23508646 us
Time taken to calculate the path: 1110 us
Time taken to calculate the table: 22153773 us
Time taken to calculate the path: 2186 us
Time taken to calculate the table: 20342095 us
Time taken to calculate the path: 1661 us
Time taken to calculate the table: 33942603 us
Time taken to calculate the path: 2940 us
Time taken to calculate the table: 32409985 us
Time taken to calculate the path: 842 us
Time taken to calculate the table: 30325470 us
Time taken to calculate the path: 1814 us
Time taken to calculate the table: 28409907 us
Time taken to calculate the path: 2833 us
Time taken to calculate the table: 26839968 us
Time taken to calculate the path: 2781 us
Time taken to calculate the table: 25239160 us
Time taken to calculate the path: 2085 us
Time taken to calculate the table: 22911712 us
Time taken to calculate the path: 2050 us
Time taken to calculate the table: 21556353 us
Time taken to calculate the path: 2060 us
Time taken to calculate the table: 19301999 us
Time taken to calculate the path: 1442 us
Time taken to calculate the table: 17090289 us
Time taken to calculate the path: 1772 us
Time taken to calculate the table: 15913465 us
Time taken to calculate the path: 1900 us
Time taken to calculate the table: 29132222 us
Time taken to calculate the path: 1018 us
Time taken to calculate the table: 27479711 us
Time taken to calculate the path: 1904 us
Time taken to calculate the table: 25982101 us
Time taken to calculate the path: 3305 us
Time taken to calculate the table: 24721557 us
Time taken to calculate the path: 2550 us
Time taken to calculate the table: 22878605 us
Time taken to calculate the path: 1635 us
Time taken to calculate the table: 21655488 us
Time taken to calculate the path: 2746 us
Time taken to calculate the table: 19704241 us
Time taken to calculate the path: 919 us
Time taken to calculate the table: 18537181 us
Time taken to calculate the path: 2458 us
Time taken to calculate the table: 16547790 us
Time taken to calculate the path: 871 us
Time taken to calculate the table: 14921078 us
Time taken to calculate the path: 1799 us
Time taken to calculate the table: 13628798 us
Time taken to calculate the path: 1477 us
Time taken to calculate the table: 11783446 us
Time taken to calculate the path: 941 us
Time: 3106969912 us
c0befee8737ac74a1ece5abae5cca722c2eaf2bf028aaca8f3f6607204b7e68ea0707a881d5512a723439ab67007e5301a9c126272a3ff2ad96923b0dcf27dab
31202 48016 25007 56880 53193 37279 52116 30000 32754 48092 60756 61018 60977 48923 33238 66240 50320 59270 40544 49432 35042 78083 68543 50000 49163 48080 20000 44441 86911 70000 67514 57881 40000 46264 26560 27675 95621 87344 76149 60000 62871 53120 38797 41672 27581 104197 94673 80000 75191 65682 56240 51869 42800 40810 29031 112962 100000 90000 83981 74245 64669 54941 45332 35586 33228 33143 120000 110000 102209 92694 80000 75951 60000 57329 40000 38890 30859 15323 
